Watching for file changes with StatReloader
D:\LEAP APPS ASSESSMENT - SOFTWARE ENGINEER\backend\backend\settings.py changed, reloading.
Watching for file changes with StatReloader
Watching for file changes with StatReloader
D:\LEAP APPS ASSESSMENT - SOFTWARE ENGINEER\backend\createAPI\tasks.py changed, reloading.
Watching for file changes with StatReloader
D:\LEAP APPS ASSESSMENT - SOFTWARE ENGINEER\backend\createAPI\tasks.py changed, reloading.
Watching for file changes with StatReloader
Watching for file changes with StatReloader
Watching for file changes with StatReloader
D:\LEAP APPS ASSESSMENT - SOFTWARE ENGINEER\backend\createAPI\tasks.py changed, reloading.
Watching for file changes with StatReloader
Watching for file changes with StatReloader
D:\LEAP APPS ASSESSMENT - SOFTWARE ENGINEER\backend\backend\settings.py changed, reloading.
Watching for file changes with StatReloader
D:\LEAP APPS ASSESSMENT - SOFTWARE ENGINEER\backend\backend\settings.py changed, reloading.
Watching for file changes with StatReloader
D:\LEAP APPS ASSESSMENT - SOFTWARE ENGINEER\backend\backend\settings.py changed, reloading.
Watching for file changes with StatReloader
D:\LEAP APPS ASSESSMENT - SOFTWARE ENGINEER\backend\backend\settings.py changed, reloading.
Watching for file changes with StatReloader
D:\LEAP APPS ASSESSMENT - SOFTWARE ENGINEER\backend\backend\settings.py changed, reloading.
Watching for file changes with StatReloader
Watching for file changes with StatReloader
D:\LEAP APPS ASSESSMENT - SOFTWARE ENGINEER\backend\backend\settings.py changed, reloading.
Watching for file changes with StatReloader
D:\LEAP APPS ASSESSMENT - SOFTWARE ENGINEER\backend\createAPI\tasks.py changed, reloading.
Watching for file changes with StatReloader
D:\LEAP APPS ASSESSMENT - SOFTWARE ENGINEER\backend\createAPI\tasks.py changed, reloading.
Watching for file changes with StatReloader
D:\LEAP APPS ASSESSMENT - SOFTWARE ENGINEER\backend\createAPI\tasks.py changed, reloading.
Watching for file changes with StatReloader
D:\LEAP APPS ASSESSMENT - SOFTWARE ENGINEER\backend\createAPI\tasks.py changed, reloading.
Watching for file changes with StatReloader
D:\LEAP APPS ASSESSMENT - SOFTWARE ENGINEER\backend\createAPI\tasks.py changed, reloading.
Watching for file changes with StatReloader
D:\LEAP APPS ASSESSMENT - SOFTWARE ENGINEER\backend\createAPI\views.py changed, reloading.
Watching for file changes with StatReloader
D:\LEAP APPS ASSESSMENT - SOFTWARE ENGINEER\backend\createAPI\views.py changed, reloading.
Watching for file changes with StatReloader
D:\LEAP APPS ASSESSMENT - SOFTWARE ENGINEER\backend\backend\settings.py changed, reloading.
Watching for file changes with StatReloader
D:\LEAP APPS ASSESSMENT - SOFTWARE ENGINEER\backend\backend\settings.py changed, reloading.
Watching for file changes with StatReloader
D:\LEAP APPS ASSESSMENT - SOFTWARE ENGINEER\backend\backend\settings.py changed, reloading.
Watching for file changes with StatReloader
Signal handler <bound method DjangoFixup.on_import_modules of <celery.fixups.django.DjangoFixup object at 0x000001EA4407AF50>> raised: ImportError("cannot import name 'test_celery' from 'createAPI.tasks' (D:\\LEAP APPS ASSESSMENT - SOFTWARE ENGINEER\\backend\\createAPI\\tasks.py)")
Traceback (most recent call last):
  File "D:\LEAP APPS ASSESSMENT - SOFTWARE ENGINEER\env\Lib\site-packages\celery\utils\dispatch\signal.py", line 276, in send
    response = receiver(signal=self, sender=sender, **named)
               ^^^^^^^^^^^^^^^^^^^^^^^^^^^^^^^^^^^^^^^^^^^^^
  File "D:\LEAP APPS ASSESSMENT - SOFTWARE ENGINEER\env\Lib\site-packages\celery\fixups\django.py", line 97, in on_import_modules
    self.worker_fixup.validate_models()
  File "D:\LEAP APPS ASSESSMENT - SOFTWARE ENGINEER\env\Lib\site-packages\celery\fixups\django.py", line 137, in validate_models
    run_checks()
  File "D:\LEAP APPS ASSESSMENT - SOFTWARE ENGINEER\env\Lib\site-packages\django\core\checks\registry.py", line 88, in run_checks
    new_errors = check(app_configs=app_configs, databases=databases)
                 ^^^^^^^^^^^^^^^^^^^^^^^^^^^^^^^^^^^^^^^^^^^^^^^^^^^
  File "D:\LEAP APPS ASSESSMENT - SOFTWARE ENGINEER\env\Lib\site-packages\django\core\checks\urls.py", line 14, in check_url_config
    return check_resolver(resolver)
           ^^^^^^^^^^^^^^^^^^^^^^^^
  File "D:\LEAP APPS ASSESSMENT - SOFTWARE ENGINEER\env\Lib\site-packages\django\core\checks\urls.py", line 24, in check_resolver
    return check_method()
           ^^^^^^^^^^^^^^
  File "D:\LEAP APPS ASSESSMENT - SOFTWARE ENGINEER\env\Lib\site-packages\django\urls\resolvers.py", line 519, in check
    for pattern in self.url_patterns:
                   ^^^^^^^^^^^^^^^^^
  File "D:\LEAP APPS ASSESSMENT - SOFTWARE ENGINEER\env\Lib\site-packages\django\utils\functional.py", line 47, in __get__
    res = instance.__dict__[self.name] = self.func(instance)
                                         ^^^^^^^^^^^^^^^^^^^
  File "D:\LEAP APPS ASSESSMENT - SOFTWARE ENGINEER\env\Lib\site-packages\django\urls\resolvers.py", line 738, in url_patterns
    patterns = getattr(self.urlconf_module, "urlpatterns", self.urlconf_module)
                       ^^^^^^^^^^^^^^^^^^^
  File "D:\LEAP APPS ASSESSMENT - SOFTWARE ENGINEER\env\Lib\site-packages\django\utils\functional.py", line 47, in __get__
    res = instance.__dict__[self.name] = self.func(instance)
                                         ^^^^^^^^^^^^^^^^^^^
  File "D:\LEAP APPS ASSESSMENT - SOFTWARE ENGINEER\env\Lib\site-packages\django\urls\resolvers.py", line 731, in urlconf_module
    return import_module(self.urlconf_name)
           ^^^^^^^^^^^^^^^^^^^^^^^^^^^^^^^^
  File "C:\Users\athul\AppData\Local\Programs\Python\Python311\Lib\importlib\__init__.py", line 126, in import_module
    return _bootstrap._gcd_import(name[level:], package, level)
           ^^^^^^^^^^^^^^^^^^^^^^^^^^^^^^^^^^^^^^^^^^^^^^^^^^^^
  File "<frozen importlib._bootstrap>", line 1206, in _gcd_import
  File "<frozen importlib._bootstrap>", line 1178, in _find_and_load
  File "<frozen importlib._bootstrap>", line 1149, in _find_and_load_unlocked
  File "<frozen importlib._bootstrap>", line 690, in _load_unlocked
  File "<frozen importlib._bootstrap_external>", line 940, in exec_module
  File "<frozen importlib._bootstrap>", line 241, in _call_with_frames_removed
  File "D:\LEAP APPS ASSESSMENT - SOFTWARE ENGINEER\backend\backend\urls.py", line 22, in <module>
    path('', include('createAPI.urls')),
             ^^^^^^^^^^^^^^^^^^^^^^^^^
  File "D:\LEAP APPS ASSESSMENT - SOFTWARE ENGINEER\env\Lib\site-packages\django\urls\conf.py", line 39, in include
    urlconf_module = import_module(urlconf_module)
                     ^^^^^^^^^^^^^^^^^^^^^^^^^^^^^
  File "C:\Users\athul\AppData\Local\Programs\Python\Python311\Lib\importlib\__init__.py", line 126, in import_module
    return _bootstrap._gcd_import(name[level:], package, level)
           ^^^^^^^^^^^^^^^^^^^^^^^^^^^^^^^^^^^^^^^^^^^^^^^^^^^^
  File "<frozen importlib._bootstrap>", line 1206, in _gcd_import
  File "<frozen importlib._bootstrap>", line 1178, in _find_and_load
  File "<frozen importlib._bootstrap>", line 1149, in _find_and_load_unlocked
  File "<frozen importlib._bootstrap>", line 690, in _load_unlocked
  File "<frozen importlib._bootstrap_external>", line 940, in exec_module
  File "<frozen importlib._bootstrap>", line 241, in _call_with_frames_removed
  File "D:\LEAP APPS ASSESSMENT - SOFTWARE ENGINEER\backend\createAPI\urls.py", line 2, in <module>
    from .views import *
  File "D:\LEAP APPS ASSESSMENT - SOFTWARE ENGINEER\backend\createAPI\views.py", line 3, in <module>
    from .tasks import fetch_cat_facts, test_celery
ImportError: cannot import name 'test_celery' from 'createAPI.tasks' (D:\LEAP APPS ASSESSMENT - SOFTWARE ENGINEER\backend\createAPI\tasks.py)
